<?xml version="1.0" encoding="UTF-8"?>
<!-- Generated by org.testng.reporters.JUnitXMLReporter -->
<testsuite ignored="0" hostname="Tanishka" failures="1" tests="1" name="Runner.Runner" time="93.299" errors="0" timestamp="2023-07-19T20:24:50 IST">
  <testcase classname="test.Twotest" name="testtwo" time="93.16">
    <failure type="java.lang.AssertionError">
      <![CDATA[java.lang.AssertionError
at org.junit.Assert.fail(Assert.java:86)
at org.junit.Assert.assertTrue(Assert.java:41)
at org.junit.Assert.assertTrue(Assert.java:52)
at test.Twotest.testtwo(Twotest.java:23)
at java.base/java.util.ArrayList.forEach(ArrayList.java:1541)
... Removed 27 stack frames]]>
    </failure>
  </testcase> <!-- testtwo -->
</testsuite> <!-- Runner.Runner -->
