<?xml version="1.0" encoding="UTF-8"?>
<!-- Generated by org.testng.reporters.JUnitXMLReporter -->
<testsuite ignored="0" hostname="Tanishka" failures="0" tests="5" name="Test" time="40.389" errors="0" timestamp="2023-07-18T16:04:42 IST">
  <testcase classname="test.Threetest" name="testthree" time="0.008"/>
  <testcase classname="test.Logintest" name="login" time="3.188"/>
  <testcase classname="test.Logintest" name="login" time="23.687"/>
  <testcase classname="test.Twotest" name="testtwo" time="0.0"/>
  <testcase classname="test.Onetest" name="testone" time="0.0"/>
</testsuite> <!-- Test -->
