<?xml version="1.0" encoding="UTF-8"?>
<!-- Generated by org.testng.reporters.JUnitXMLReporter -->
<testsuite ignored="0" hostname="Tanishka" failures="0" tests="4" name="Test" time="40.744" errors="0" timestamp="2023-07-17T19:19:23 IST">
  <testcase classname="test.Threetest" name="testthree" time="0.006"/>
  <testcase classname="test.Logintest" name="login" time="3.515"/>
  <testcase classname="test.Logintest" name="login" time="23.377"/>
  <testcase classname="test.Onetest" name="testone" time="0.0"/>
</testsuite> <!-- Test -->
