<?xml version="1.0" encoding="UTF-8"?>
<testsuite xmlns:xsi="http://www.w3.org/2001/XMLSchema-instance" xsi:noNamespaceSchemaLocation="https://maven.apache.org/surefire/maven-surefire-plugin/xsd/surefire-test-report-3.0.xsd" version="3.0" name="TestSuite" time="41.584" tests="4" errors="0" skipped="0" failures="0">
  <properties>
[...]
</properties>
  <testcase name="testthree" classname="test.Threetest" time="0.007">
    <system-err><![CDATA[SLF4J: Failed to load class "org.slf4j.impl.StaticLoggerBinder".
SLF4J: Defaulting to no-operation (NOP) logger implementation
SLF4J: See http://www.slf4j.org/codes.html#StaticLoggerBinder for further details.
]]></system-err>
  </testcase>
  <testcase name="login[arun.selenium@gmail.com, Second@123, Success](1)" classname="test.Logintest" time="3.5">
    <system-out><![CDATA[Application has been launched
]]></system-out>
    <system-err><![CDATA[Jul 17, 2023 7:18:43 PM org.openqa.selenium.remote.service.DriverService$Builder getLogOutput
INFO: Driver logs no longer sent to console by default; https://www.selenium.dev/documentation/webdriver/drivers/service/#setting-log-output
]]></system-err>
  </testcase>
  <testcase name="login[Dummy@123, Test@123, Failure](2)" classname="test.Logintest" time="23.374">
    <system-out><![CDATA[Application has been launched
]]></system-out>
    <system-err><![CDATA[Jul 17, 2023 7:18:55 PM org.openqa.selenium.remote.service.DriverService$Builder getLogOutput
INFO: Driver logs no longer sent to console by default; https://www.selenium.dev/documentation/webdriver/drivers/service/#setting-log-output
]]></system-err>
  </testcase>
  <testcase name="testone" classname="test.Onetest" time="0.002">
    <system-out><![CDATA[TestOne
]]></system-out>
  </testcase>
</testsuite>